<?xml version="1.0" encoding="UTF-8"?>
<!-- Generated by org.testng.reporters.JUnitReportReporter -->
<testsuite hostname="LAPTOP-BINRATQ1" failures="0" tests="2" name="com.testng.CallMethodTestngTest" time="3.752" errors="0" timestamp="2020-06-03T15:16:40 PDT" skipped="0">
  <testcase classname="com.testng.CallMethodTestngTest" name="login" time="2.104"/>
  <system-out/>
  <testcase classname="com.testng.CallMethodTestngTest" name="admin" time="1.648"/>
  <system-out/>
</testsuite> <!-- com.testng.CallMethodTestngTest -->
