<?xml version="1.0" encoding="UTF-8"?>
<!-- Generated by org.testng.reporters.JUnitReportReporter -->
<testsuite hostname="LAPTOP-BINRATQ1" failures="0" tests="3" name="com.testng.DependsUponMethod" time="0.111" errors="0" timestamp="2020-06-04T10:07:42 PDT" skipped="0">
  <testcase classname="com.testng.DependsUponMethod" name="login" time="0.010"/>
  <system-out/>
  <testcase classname="com.testng.DependsUponMethod" name="search" time="0.099"/>
  <system-out/>
  <testcase classname="com.testng.DependsUponMethod" name="logout" time="0.002"/>
  <system-out/>
</testsuite> <!-- com.testng.DependsUponMethod -->
