<?xml version="1.0" encoding="UTF-8"?>
<!-- Generated by org.testng.reporters.JUnitReportReporter -->
<testsuite hostname="LAPTOP-BINRATQ1" failures="0" tests="3" name="com.testng.pirorityClass" time="0.021" errors="0" timestamp="2020-06-03T12:13:15 PDT" skipped="0">
  <testcase classname="com.testng.pirorityClass" name="testcase3" time="0.008"/>
  <system-out/>
  <testcase classname="com.testng.pirorityClass" name="testcase1" time="0.010"/>
  <system-out/>
  <testcase classname="com.testng.pirorityClass" name="testcase2" time="0.003"/>
  <system-out/>
</testsuite> <!-- com.testng.pirorityClass -->
