<?xml version="1.0" encoding="UTF-8"?>
<!-- Generated by org.testng.reporters.JUnitReportReporter -->
<testsuite hostname="LAPTOP-BINRATQ1" failures="0" tests="3" name="com.testng.parallelExceution" time="0.005" errors="0" timestamp="2020-06-03T15:16:40 PDT" skipped="0">
  <testcase classname="com.testng.parallelExceution" name="testcase1" time="0.002"/>
  <system-out/>
  <testcase classname="com.testng.parallelExceution" name="testcase2" time="0.002"/>
  <system-out/>
  <testcase classname="com.testng.parallelExceution" name="testcase3" time="0.001"/>
  <system-out/>
</testsuite> <!-- com.testng.parallelExceution -->
