<?xml version="1.0" encoding="UTF-8"?>
<!-- Generated by org.testng.reporters.JUnitReportReporter -->
<testsuite hostname="LAPTOP-BINRATQ1" failures="0" tests="2" name="com.testng.DependsOnGroups" time="0.014" errors="0" timestamp="2020-06-04T10:20:00 PDT" skipped="0">
  <testcase classname="com.testng.DependsOnGroups" name="logout" time="0.012"/>
  <system-out/>
  <testcase classname="com.testng.DependsOnGroups" name="search" time="0.002"/>
  <system-out/>
</testsuite> <!-- com.testng.DependsOnGroups -->
