<?xml version="1.0" encoding="UTF-8"?>
<!-- Generated by org.testng.reporters.JUnitReportReporter -->
<testsuite hostname="LAPTOP-BINRATQ1" failures="0" tests="3" name="com.testng.testCase1" time="0.013" errors="0" timestamp="2020-06-03T14:03:42 PDT" skipped="0">
  <testcase classname="com.testng.testCase1" name="test1" time="0.007"/>
  <system-out/>
  <testcase classname="com.testng.testCase1" name="test3" time="0.004"/>
  <system-out/>
  <testcase classname="com.testng.testCase1" name="test2" time="0.002"/>
  <system-out/>
</testsuite> <!-- com.testng.testCase1 -->
